nohup: ignoring input

=================================================================
========================== index : 1 ==========================
=================================================================

Namespace(transform='default', featureNet=None, img_dir='img/', nt=None, t_c_arr=None, seed=None, validation=False, class_shuffle=False, backbone='None', root='./data/', model='dlcpa', device=device(type='cuda'), dataset='seq-cifar100', print_freq=10, n_epochs=100, classifier='linear', scheduler_step=99, ssl_leaner='moco', lr=0.005, clslr=0.2, batch_size=32, ssl_weight=1, sl_weight=10, weight_decay=0, momentum=0, task1weight=1)
Files already downloaded and verified
Files already downloaded and verified
learning classes:  [0, 1, 2, 3, 4, 5, 6, 7, 8, 9]
epoch:0, feat_extract_loss:30.80003, classifier_loss:7.44208
epoch:10, feat_extract_loss:33.49241, classifier_loss:2.32820
epoch:20, feat_extract_loss:24.58901, classifier_loss:1.55702
epoch:30, feat_extract_loss:21.15150, classifier_loss:1.66248
epoch:40, feat_extract_loss:18.80114, classifier_loss:1.13376
epoch:50, feat_extract_loss:16.04977, classifier_loss:0.69759
epoch:60, feat_extract_loss:17.23750, classifier_loss:1.19049
epoch:70, feat_extract_loss:10.90436, classifier_loss:0.32027
epoch:80, feat_extract_loss:19.04590, classifier_loss:0.89407
epoch:90, feat_extract_loss:12.85204, classifier_loss:0.89113
train_time 1052.5423929691315 test_time 0.5706822872161865
Acc for task 0 : [0.0, 85.0]
Accuracy for 1 task(s): 	 [Class-IL]: 85.0 % 	 [Task-IL]: 85.0 %
Files already downloaded and verified
Files already downloaded and verified
learning classes:  [10, 11, 12, 13, 14, 15, 16, 17, 18, 19]
epoch:0, feat_extract_loss:22.77029, classifier_loss:1.89381
epoch:10, feat_extract_loss:11.38780, classifier_loss:0.63192
epoch:20, feat_extract_loss:15.35907, classifier_loss:0.85651
epoch:30, feat_extract_loss:19.30112, classifier_loss:1.76577
epoch:40, feat_extract_loss:14.99737, classifier_loss:0.83989
epoch:50, feat_extract_loss:8.80281, classifier_loss:1.39140
epoch:60, feat_extract_loss:5.05209, classifier_loss:0.62936
epoch:70, feat_extract_loss:11.88310, classifier_loss:1.35270
epoch:80, feat_extract_loss:6.24335, classifier_loss:0.56591
epoch:90, feat_extract_loss:11.61310, classifier_loss:0.57073
train_time 1021.6290180683136 test_time 1.132662296295166
Acc for task 0 : [0.0, 85.0, 84.7]
Acc for task 1 : [0.0, 81.2]
Accuracy for 2 task(s): 	 [Class-IL]: 63.95 % 	 [Task-IL]: 82.95 %
Files already downloaded and verified
Files already downloaded and verified
learning classes:  [20, 21, 22, 23, 24, 25, 26, 27, 28, 29]
epoch:0, feat_extract_loss:21.51478, classifier_loss:1.85241
epoch:10, feat_extract_loss:14.38969, classifier_loss:0.96219
epoch:20, feat_extract_loss:9.61574, classifier_loss:0.67026
epoch:30, feat_extract_loss:15.43248, classifier_loss:1.45553
epoch:40, feat_extract_loss:20.51769, classifier_loss:1.57229
epoch:50, feat_extract_loss:14.76461, classifier_loss:0.86522
epoch:60, feat_extract_loss:18.42903, classifier_loss:1.11502
epoch:70, feat_extract_loss:17.64162, classifier_loss:1.07855
epoch:80, feat_extract_loss:16.57903, classifier_loss:2.16087
epoch:90, feat_extract_loss:40.05786, classifier_loss:2.80463
train_time 1039.19762134552 test_time 1.6965491771697998
Acc for task 0 : [0.0, 85.0, 84.7, 81.5]
Acc for task 1 : [0.0, 81.2, 82.39999999999999]
Acc for task 2 : [0.0, 83.0]
Accuracy for 3 task(s): 	 [Class-IL]: 54.53 % 	 [Task-IL]: 82.3 %
Files already downloaded and verified
Files already downloaded and verified
learning classes:  [30, 31, 32, 33, 34, 35, 36, 37, 38, 39]
epoch:0, feat_extract_loss:11.55740, classifier_loss:1.11835
epoch:10, feat_extract_loss:23.46641, classifier_loss:1.69924
epoch:20, feat_extract_loss:6.36628, classifier_loss:0.72166
epoch:30, feat_extract_loss:12.33211, classifier_loss:1.35329
epoch:40, feat_extract_loss:19.97055, classifier_loss:1.18888
epoch:50, feat_extract_loss:9.61254, classifier_loss:1.00967
epoch:60, feat_extract_loss:9.30994, classifier_loss:1.08055
epoch:70, feat_extract_loss:3.50194, classifier_loss:0.00981
epoch:80, feat_extract_loss:7.87204, classifier_loss:0.57278
epoch:90, feat_extract_loss:20.25667, classifier_loss:1.61931
train_time 1042.6101684570312 test_time 2.29864764213562
Acc for task 0 : [0.0, 85.0, 84.7, 81.5, 80.4]
Acc for task 1 : [0.0, 81.2, 82.39999999999999, 82.39999999999999]
Acc for task 2 : [0.0, 83.0, 84.7]
Acc for task 3 : [0.0, 79.7]
Accuracy for 4 task(s): 	 [Class-IL]: 50.42 % 	 [Task-IL]: 81.8 %
Files already downloaded and verified
Files already downloaded and verified
learning classes:  [40, 41, 42, 43, 44, 45, 46, 47, 48, 49]
epoch:0, feat_extract_loss:21.69904, classifier_loss:1.91011
epoch:10, feat_extract_loss:18.11365, classifier_loss:1.38851
epoch:20, feat_extract_loss:8.23693, classifier_loss:0.56065
epoch:30, feat_extract_loss:8.42717, classifier_loss:0.73516
epoch:40, feat_extract_loss:6.40384, classifier_loss:0.60129
epoch:50, feat_extract_loss:8.37910, classifier_loss:0.39126
epoch:60, feat_extract_loss:5.19309, classifier_loss:0.21203
epoch:70, feat_extract_loss:23.23018, classifier_loss:1.82829
epoch:80, feat_extract_loss:29.82178, classifier_loss:2.00376
epoch:90, feat_extract_loss:24.09903, classifier_loss:1.75355
train_time 1047.4296519756317 test_time 2.866299867630005
Acc for task 0 : [0.0, 85.0, 84.7, 81.5, 80.4, 78.4]
Acc for task 1 : [0.0, 81.2, 82.39999999999999, 82.39999999999999, 81.10000000000001]
Acc for task 2 : [0.0, 83.0, 84.7, 85.39999999999999]
Acc for task 3 : [0.0, 79.7, 84.2]
Acc for task 4 : [0.0, 80.2]
Accuracy for 5 task(s): 	 [Class-IL]: 48.76 % 	 [Task-IL]: 81.86 %
Files already downloaded and verified
Files already downloaded and verified
learning classes:  [50, 51, 52, 53, 54, 55, 56, 57, 58, 59]
epoch:0, feat_extract_loss:28.63869, classifier_loss:1.95022
epoch:10, feat_extract_loss:10.48137, classifier_loss:0.76677
epoch:20, feat_extract_loss:21.52114, classifier_loss:1.76819
epoch:30, feat_extract_loss:9.60294, classifier_loss:0.61961
epoch:40, feat_extract_loss:4.25513, classifier_loss:0.50270
epoch:50, feat_extract_loss:12.46174, classifier_loss:1.34648
epoch:60, feat_extract_loss:3.42415, classifier_loss:0.80485
epoch:70, feat_extract_loss:6.72493, classifier_loss:0.44312
epoch:80, feat_extract_loss:19.42434, classifier_loss:1.26864
epoch:90, feat_extract_loss:3.74929, classifier_loss:0.34524
train_time 1053.3474180698395 test_time 3.424835443496704
Acc for task 0 : [0.0, 85.0, 84.7, 81.5, 80.4, 78.4, 78.10000000000001]
Acc for task 1 : [0.0, 81.2, 82.39999999999999, 82.39999999999999, 81.10000000000001, 80.60000000000001]
Acc for task 2 : [0.0, 83.0, 84.7, 85.39999999999999, 84.3]
Acc for task 3 : [0.0, 79.7, 84.2, 85.3]
Acc for task 4 : [0.0, 80.2, 82.89999999999999]
Acc for task 5 : [0.0, 78.3]
Accuracy for 6 task(s): 	 [Class-IL]: 46.7 % 	 [Task-IL]: 81.58 %
Files already downloaded and verified
Files already downloaded and verified
learning classes:  [60, 61, 62, 63, 64, 65, 66, 67, 68, 69]
epoch:0, feat_extract_loss:12.54163, classifier_loss:1.22409
epoch:10, feat_extract_loss:17.69839, classifier_loss:1.33787
epoch:20, feat_extract_loss:5.02309, classifier_loss:0.57929
epoch:30, feat_extract_loss:18.20968, classifier_loss:1.54092
epoch:40, feat_extract_loss:11.51464, classifier_loss:1.23063
epoch:50, feat_extract_loss:10.46960, classifier_loss:1.28289
epoch:60, feat_extract_loss:11.08889, classifier_loss:1.10528
epoch:70, feat_extract_loss:14.62211, classifier_loss:1.25218
epoch:80, feat_extract_loss:9.30005, classifier_loss:0.77570
epoch:90, feat_extract_loss:5.59856, classifier_loss:1.03977
train_time 1053.2548327445984 test_time 3.956493854522705
Acc for task 0 : [0.0, 85.0, 84.7, 81.5, 80.4, 78.4, 78.10000000000001, 76.1]
Acc for task 1 : [0.0, 81.2, 82.39999999999999, 82.39999999999999, 81.10000000000001, 80.60000000000001, 79.0]
Acc for task 2 : [0.0, 83.0, 84.7, 85.39999999999999, 84.3, 84.1]
Acc for task 3 : [0.0, 79.7, 84.2, 85.3, 84.8]
Acc for task 4 : [0.0, 80.2, 82.89999999999999, 83.6]
Acc for task 5 : [0.0, 78.3, 80.0]
Acc for task 6 : [0.0, 77.60000000000001]
Accuracy for 7 task(s): 	 [Class-IL]: 45.13 % 	 [Task-IL]: 80.74 %
Files already downloaded and verified
Files already downloaded and verified
learning classes:  [70, 71, 72, 73, 74, 75, 76, 77, 78, 79]
epoch:0, feat_extract_loss:20.08119, classifier_loss:2.09030
epoch:10, feat_extract_loss:11.45678, classifier_loss:0.59524
epoch:20, feat_extract_loss:12.59622, classifier_loss:0.26966
epoch:30, feat_extract_loss:31.88803, classifier_loss:1.96155
epoch:40, feat_extract_loss:19.06238, classifier_loss:1.59434
epoch:50, feat_extract_loss:4.69128, classifier_loss:0.46146
epoch:60, feat_extract_loss:3.56221, classifier_loss:0.47851
epoch:70, feat_extract_loss:12.47287, classifier_loss:0.95156
epoch:80, feat_extract_loss:4.00743, classifier_loss:0.42030
epoch:90, feat_extract_loss:7.03917, classifier_loss:0.62056
train_time 1045.116447210312 test_time 4.5311665534973145
Acc for task 0 : [0.0, 85.0, 84.7, 81.5, 80.4, 78.4, 78.10000000000001, 76.1, 75.8]
Acc for task 1 : [0.0, 81.2, 82.39999999999999, 82.39999999999999, 81.10000000000001, 80.60000000000001, 79.0, 77.7]
Acc for task 2 : [0.0, 83.0, 84.7, 85.39999999999999, 84.3, 84.1, 83.39999999999999]
Acc for task 3 : [0.0, 79.7, 84.2, 85.3, 84.8, 84.6]
Acc for task 4 : [0.0, 80.2, 82.89999999999999, 83.6, 84.1]
Acc for task 5 : [0.0, 78.3, 80.0, 80.7]
Acc for task 6 : [0.0, 77.60000000000001, 79.4]
Acc for task 7 : [0.0, 78.0]
Accuracy for 8 task(s): 	 [Class-IL]: 42.95 % 	 [Task-IL]: 80.46 %
Files already downloaded and verified
Files already downloaded and verified
learning classes:  [80, 81, 82, 83, 84, 85, 86, 87, 88, 89]
epoch:0, feat_extract_loss:19.42477, classifier_loss:1.86584
epoch:10, feat_extract_loss:9.62008, classifier_loss:0.82361
epoch:20, feat_extract_loss:32.04816, classifier_loss:2.05870
epoch:30, feat_extract_loss:18.11009, classifier_loss:1.45255
epoch:40, feat_extract_loss:7.05240, classifier_loss:1.16499
epoch:50, feat_extract_loss:5.44169, classifier_loss:0.38451
epoch:60, feat_extract_loss:11.66779, classifier_loss:0.87841
epoch:70, feat_extract_loss:11.28259, classifier_loss:1.02706
epoch:80, feat_extract_loss:17.91498, classifier_loss:1.55286
epoch:90, feat_extract_loss:4.25429, classifier_loss:0.66692
train_time 1042.3112621307373 test_time 5.096009969711304
Acc for task 0 : [0.0, 85.0, 84.7, 81.5, 80.4, 78.4, 78.10000000000001, 76.1, 75.8, 76.1]
Acc for task 1 : [0.0, 81.2, 82.39999999999999, 82.39999999999999, 81.10000000000001, 80.60000000000001, 79.0, 77.7, 76.9]
Acc for task 2 : [0.0, 83.0, 84.7, 85.39999999999999, 84.3, 84.1, 83.39999999999999, 83.39999999999999]
Acc for task 3 : [0.0, 79.7, 84.2, 85.3, 84.8, 84.6, 83.6]
Acc for task 4 : [0.0, 80.2, 82.89999999999999, 83.6, 84.1, 84.39999999999999]
Acc for task 5 : [0.0, 78.3, 80.0, 80.7, 82.0]
Acc for task 6 : [0.0, 77.60000000000001, 79.4, 80.7]
Acc for task 7 : [0.0, 78.0, 79.5]
Acc for task 8 : [0.0, 80.4]
Accuracy for 9 task(s): 	 [Class-IL]: 41.73 % 	 [Task-IL]: 80.78 %
Files already downloaded and verified
Files already downloaded and verified
learning classes:  [90, 91, 92, 93, 94, 95, 96, 97, 98, 99]
epoch:0, feat_extract_loss:9.12604, classifier_loss:1.15735
epoch:10, feat_extract_loss:14.17283, classifier_loss:1.16455
epoch:20, feat_extract_loss:13.58894, classifier_loss:0.51599
epoch:30, feat_extract_loss:9.74691, classifier_loss:0.21546
epoch:40, feat_extract_loss:13.86440, classifier_loss:0.62485
epoch:50, feat_extract_loss:7.79340, classifier_loss:1.27226
epoch:60, feat_extract_loss:8.29187, classifier_loss:0.31297
epoch:70, feat_extract_loss:6.10910, classifier_loss:0.19322
epoch:80, feat_extract_loss:4.28561, classifier_loss:0.42912
epoch:90, feat_extract_loss:10.31156, classifier_loss:0.76370
train_time 1027.385844707489 test_time 5.709426403045654
Acc for task 0 : [0.0, 85.0, 84.7, 81.5, 80.4, 78.4, 78.10000000000001, 76.1, 75.8, 76.1, 75.7]
Acc for task 1 : [0.0, 81.2, 82.39999999999999, 82.39999999999999, 81.10000000000001, 80.60000000000001, 79.0, 77.7, 76.9, 75.5]
Acc for task 2 : [0.0, 83.0, 84.7, 85.39999999999999, 84.3, 84.1, 83.39999999999999, 83.39999999999999, 82.89999999999999]
Acc for task 3 : [0.0, 79.7, 84.2, 85.3, 84.8, 84.6, 83.6, 82.5]
Acc for task 4 : [0.0, 80.2, 82.89999999999999, 83.6, 84.1, 84.39999999999999, 83.89999999999999]
Acc for task 5 : [0.0, 78.3, 80.0, 80.7, 82.0, 82.39999999999999]
Acc for task 6 : [0.0, 77.60000000000001, 79.4, 80.7, 81.89999999999999]
Acc for task 7 : [0.0, 78.0, 79.5, 80.2]
Acc for task 8 : [0.0, 80.4, 81.3]
Acc for task 9 : [0.0, 88.4]
Accuracy for 10 task(s): 	 [Class-IL]: 40.21 % 	 [Task-IL]: 81.47 %
Accuracy for 1 task(s): 	 [Class-IL]: 85.0 % 	 [Task-IL]: 85.0 %
Accuracy for 2 task(s): 	 [Class-IL]: 63.95 % 	 [Task-IL]: 82.95 %
Accuracy for 3 task(s): 	 [Class-IL]: 54.53 % 	 [Task-IL]: 82.3 %
Accuracy for 4 task(s): 	 [Class-IL]: 50.42 % 	 [Task-IL]: 81.8 %
Accuracy for 5 task(s): 	 [Class-IL]: 48.76 % 	 [Task-IL]: 81.86 %
Accuracy for 6 task(s): 	 [Class-IL]: 46.7 % 	 [Task-IL]: 81.58 %
Accuracy for 7 task(s): 	 [Class-IL]: 45.13 % 	 [Task-IL]: 80.74 %
Accuracy for 8 task(s): 	 [Class-IL]: 42.95 % 	 [Task-IL]: 80.46 %
Accuracy for 9 task(s): 	 [Class-IL]: 41.73 % 	 [Task-IL]: 80.78 %
Accuracy for 10 task(s): 	 [Class-IL]: 40.21 % 	 [Task-IL]: 81.47 %
forget_taskil: 2.44 forget_classil: 20.34 bwt_taskil: 0.32 bwt_classil: -19.66
